TN:
SF:/home/pleroy/DEV/processing/PoSAR-MC/backprojection/ccpp/backprojection/main.c
FN:17,main
FNDA:1,main
FNF:1
FNH:1
DA:17,1
DA:19,1
DA:23,1
DA:25,1
DA:26,1
DA:27,1
DA:28,1
DA:29,1
DA:30,1
DA:33,11
DA:35,10
DA:39,6
DA:41,5
DA:45,11
DA:47,60
DA:49,50
DA:53,1
DA:55,1
DA:62,1
DA:63,1
DA:64,1
DA:65,1
DA:66,1
DA:67,1
DA:69,1
LF:25
LH:25
end_of_record
TN:
SF:/home/pleroy/DEV/processing/PoSAR-MC/backprojection/ccpp/backprojection/backprojection.c
FN:8,backProjection1
FN:73,backProjectionOmp
FN:114,backProjectionOmp._omp_fn.0
FN:174,backProjectionOmpGroundRange
FN:217,backProjectionOmpGroundRange._omp_fn.1
FN:299,backProjectionOmpGroundRangeb
FN:342,backProjectionOmpGroundRangeb._omp_fn.2
FN:424,backProjectionOmpGroundRange_v2
FN:467,backProjectionOmpGroundRange_v2._omp_fn.3
FN:555,resample
FN:594,resample2
FN:626,resample3
FN:657,resample3b
FN:690,resample4
FN:723,resample4b
FN:758,backProjection2
FN:843,interp
FN:857,pulse
FN:867,measureAndSavePlans
FN:880,measurePlans
FN:891,importPlans
FN:898,fftwInitThreads
FNDA:0,backProjection1
FNDA:0,backProjectionOmp
FNDA:0,backProjectionOmp._omp_fn.0
FNDA:1,backProjectionOmpGroundRange
FNDA:8,backProjectionOmpGroundRange._omp_fn.1
FNDA:0,backProjectionOmpGroundRangeb
FNDA:0,backProjectionOmpGroundRangeb._omp_fn.2
FNDA:0,backProjectionOmpGroundRange_v2
FNDA:0,backProjectionOmpGroundRange_v2._omp_fn.3
FNDA:0,resample
FNDA:0,resample2
FNDA:10,resample3
FNDA:0,resample3b
FNDA:0,resample4
FNDA:0,resample4b
FNDA:0,backProjection2
FNDA:0,interp
FNDA:0,pulse
FNDA:0,measureAndSavePlans
FNDA:0,measurePlans
FNDA:0,importPlans
FNDA:0,fftwInitThreads
FNF:22
FNH:3
DA:8,0
DA:13,0
DA:15,0
DA:23,0
DA:24,0
DA:25,0
DA:26,0
DA:35,0
DA:36,0
DA:38,0
DA:39,0
DA:41,0
DA:42,0
DA:45,0
DA:46,0
DA:47,0
DA:49,0
DA:50,0
DA:51,0
DA:53,0
DA:55,0
DA:57,0
DA:59,0
DA:60,0
DA:61,0
DA:62,0
DA:63,0
DA:67,0
DA:70,0
DA:73,0
DA:78,0
DA:79,0
DA:84,0
DA:85,0
DA:89,0
DA:90,0
DA:91,0
DA:92,0
DA:93,0
DA:95,0
DA:96,0
DA:98,0
DA:99,0
DA:100,0
DA:101,0
DA:102,0
DA:103,0
DA:105,0
DA:107,0
DA:108,0
DA:111,0
DA:112,0
DA:114,0
DA:124,0
DA:127,0
DA:128,0
DA:130,0
DA:131,0
DA:132,0
DA:134,0
DA:136,0
DA:138,0
DA:140,0
DA:141,0
DA:142,0
DA:143,0
DA:144,0
DA:145,0
DA:150,0
DA:152,0
DA:153,0
DA:155,0
DA:156,0
DA:162,0
DA:164,0
DA:165,0
DA:166,0
DA:167,0
DA:169,0
DA:171,0
DA:174,1
DA:180,1
DA:181,1
DA:186,1
DA:187,1
DA:192,1
DA:194,1
DA:195,1
DA:196,1
DA:197,0
DA:198,1
DA:199,1
DA:200,1
DA:201,1
DA:202,1
DA:204,1
DA:205,1
DA:207,1
DA:208,1
DA:209,1
DA:211,9
DA:212,8
DA:214,1
DA:215,0
DA:217,9
DA:232,8
DA:236,10
DA:237,10
DA:238,10
DA:239,10
DA:241,10
DA:248,10
DA:250,110
DA:252,100
DA:253,600
DA:255,500
DA:256,500
DA:257,1000
DA:259,0
DA:260,0
DA:261,0
DA:262,0
DA:263,0
DA:276,10
DA:278,1
DA:279,1
DA:281,1
DA:282,1
DA:283,1
DA:289,1
DA:291,1
DA:292,1
DA:294,1
DA:296,1
DA:299,0
DA:305,0
DA:306,0
DA:311,0
DA:312,0
DA:317,0
DA:319,0
DA:320,0
DA:321,0
DA:322,0
DA:323,0
DA:324,0
DA:325,0
DA:326,0
DA:327,0
DA:329,0
DA:330,0
DA:332,0
DA:333,0
DA:334,0
DA:336,0
DA:337,0
DA:339,0
DA:340,0
DA:342,0
DA:357,0
DA:361,0
DA:362,0
DA:363,0
DA:364,0
DA:366,0
DA:373,0
DA:375,0
DA:377,0
DA:378,0
DA:380,0
DA:381,0
DA:382,0
DA:384,0
DA:385,0
DA:386,0
DA:387,0
DA:388,0
DA:401,0
DA:403,0
DA:404,0
DA:406,0
DA:407,0
DA:408,0
DA:414,0
DA:416,0
DA:417,0
DA:419,0
DA:421,0
DA:424,0
DA:430,0
DA:431,0
DA:436,0
DA:437,0
DA:442,0
DA:444,0
DA:445,0
DA:446,0
DA:447,0
DA:448,0
DA:449,0
DA:450,0
DA:451,0
DA:452,0
DA:454,0
DA:455,0
DA:457,0
DA:458,0
DA:459,0
DA:461,0
DA:462,0
DA:464,0
DA:465,0
DA:467,0
DA:485,0
DA:487,0
DA:491,0
DA:492,0
DA:493,0
DA:494,0
DA:496,0
DA:503,0
DA:505,0
DA:507,0
DA:508,0
DA:510,0
DA:511,0
DA:512,0
DA:514,0
DA:515,0
DA:516,0
DA:517,0
DA:518,0
DA:519,0
DA:532,0
DA:534,0
DA:535,0
DA:537,0
DA:538,0
DA:539,0
DA:545,0
DA:547,0
DA:548,0
DA:550,0
DA:552,0
DA:555,0
DA:564,0
DA:566,0
DA:568,0
DA:569,0
DA:571,0
DA:572,0
DA:574,0
DA:576,0
DA:578,0
DA:580,0
DA:582,0
DA:584,0
DA:586,0
DA:589,0
DA:591,0
DA:594,0
DA:601,0
DA:603,0
DA:604,0
DA:606,0
DA:608,0
DA:610,0
DA:612,0
DA:614,0
DA:616,0
DA:618,0
DA:621,0
DA:623,0
DA:626,10
DA:633,10
DA:635,10
DA:636,0
DA:638,7510
DA:640,7500
DA:642,135010
DA:644,135000
DA:646,7510
DA:648,7500
DA:652,10
DA:654,10
DA:657,0
DA:665,0
DA:667,0
DA:669,0
DA:670,0
DA:672,0
DA:674,0
DA:676,0
DA:678,0
DA:680,0
DA:682,0
DA:685,0
DA:687,0
DA:690,0
DA:698,0
DA:700,0
DA:702,0
DA:703,0
DA:705,0
DA:707,0
DA:709,0
DA:711,0
DA:713,0
DA:715,0
DA:718,0
DA:720,0
DA:723,0
DA:732,0
DA:733,0
DA:735,0
DA:737,0
DA:738,0
DA:740,0
DA:742,0
DA:744,0
DA:746,0
DA:748,0
DA:750,0
DA:753,0
DA:755,0
DA:758,0
DA:763,0
DA:765,0
DA:772,0
DA:773,0
DA:774,0
DA:775,0
DA:785,0
DA:786,0
DA:788,0
DA:789,0
DA:791,0
DA:792,0
DA:795,0
DA:796,0
DA:797,0
DA:803,0
DA:804,0
DA:806,0
DA:808,0
DA:810,0
DA:812,0
DA:814,0
DA:816,0
DA:818,0
DA:821,0
DA:823,0
DA:825,0
DA:827,0
DA:829,0
DA:830,0
DA:831,0
DA:832,0
DA:833,0
DA:837,0
DA:840,0
DA:843,0
DA:849,0
DA:850,0
DA:852,0
DA:854,0
DA:857,0
DA:859,0
DA:861,0
DA:862,0
DA:864,0
DA:867,0
DA:872,0
DA:873,0
DA:875,0
DA:877,0
DA:880,0
DA:883,0
DA:885,0
DA:886,0
DA:888,0
DA:891,0
DA:894,0
DA:895,0
DA:898,0
DA:901,0
LF:386
LH:58
end_of_record
